This is TeX, Version 3.14159265 (TeX Live 2017/Debian) (preloaded format=tex 2019.6.14)  29 SEP 2019 16:06
**\relax

*\show\glue
> \glue=undefined.
<*> \show\glue
              
? h
This isn't an error message; I'm just \showing something.
Type `I\show...' to show more (e.g., \show\cs,
\showthe\count10, \showbox255, \showlists).
And type `I\tracingonline=1\show...' to show boxes and
lists on your terminal as well as in the transcript file.

? I\show\box
> \box=\box.
<insert>   \show\box
                    
<*> \show\glue
              
? I\show\vbox
> \vbox=\vbox.
<insert>   \show\vbox
                     
<*> \show\glue
              
? I\show\vfill
> \vfill=\vfill.
<insert>   \show\vfill
                      
<*> \show\glue
              
? h
This isn't an error message; I'm just \showing something.
Type `I\show...' to show more (e.g., \show\cs,
\showthe\count10, \showbox255, \showlists).
And type `I\tracingonline=1\show...' to show boxes and
lists on your terminal as well as in the transcript file.

? \show\
Type <return> to proceed, S to scroll future error messages,
R to run without stopping, Q to run quietly,
I to insert something, 
1 or ... or 9 to ignore the next 1 to 9 tokens of input,
H for help, X to quit.
? 

*\show\box
> \box=\box.
<*> \show\box
             
? 

*\show\vfill
> \vfill=\vfill.
<*> \show\vfill
               
? 

*\show\over
> \over=\over.
<*> \show\over
              
? 

*\show\show
> \show=\show.
<*> \show\show
              
? 

*X

*X

*
(Please type a command or say `\end')
*X

*\end
[1]
Output written on texput.dvi (1 page, 224 bytes).
